-------------------------------------------------------------------------------
Test set: fr.epsi.test.cinema.SugarRushTest
-------------------------------------------------------------------------------
Tests run: 1, Failures: 1, Errors: 0, Skipped: 0, Time elapsed: 0.047 s <<< FAILURE! - in fr.epsi.test.cinema.SugarRushTest
testSelectionJoueur  Time elapsed: 0.041 s  <<< FAILURE!
org.opentest4j.AssertionFailedError: expected: <fr.epsi.test.cinema.Joueur@98bc499f> but was: <null>
	at fr.epsi.test.cinema.SugarRushTest.testSelectionJoueur(SugarRushTest.java:16)

