<?xml version="1.0" encoding="UTF-8"?>
<testsuite xmlns:xsi="http://www.w3.org/2001/XMLSchema-instance" xsi:noNamespaceSchemaLocation="https://maven.apache.org/surefire/maven-surefire-plugin/xsd/surefire-test-report.xsd" name="fr.epsi.test.cinema.PoudlardTest" time="0.11" tests="3" errors="0" skipped="0" failures="0">
  <properties>
[...]
</properties>
  <testcase name="testerInscriptionEleve" classname="fr.epsi.test.cinema.PoudlardTest" time="0.083"/>
  <testcase name="testInitialisation" classname="fr.epsi.test.cinema.PoudlardTest" time="0.014"/>
  <testcase name="testerArriveDesHeros" classname="fr.epsi.test.cinema.PoudlardTest" time="0.001"/>
</testsuite>